The system is: Darwin - 22.3.0 - arm64
Compiling the C compiler identification source file "CMakeCCompilerId.c" succeeded.
Compiler: /Library/Developer/CommandLineTools/usr/bin/cc 
Build flags: 
Id flags: -c 

The output was:
0


Compilation of the C compiler identification source "CMakeCCompilerId.c" produced "CMakeCCompilerId.o"

The C compiler identification is AppleClang, found in "/Users/martin/UIBK/jpeglib/jpeglib/cjpeglib/turbo300/cmakescripts/CMakeFiles/3.25.3/CompilerIdC/CMakeCCompilerId.o"

Detecting C compiler ABI info compiled with the following output:
Change Dir: /Users/martin/UIBK/jpeglib/jpeglib/cjpeglib/turbo300/cmakescripts/CMakeFiles/CMakeScratch/TryCompile-abWvqL

Run Build Command(s):/usr/bin/make -f Makefile cmTC_a7124/fast && /Library/Developer/CommandLineTools/usr/bin/make  -f CMakeFiles/cmTC_a7124.dir/build.make CMakeFiles/cmTC_a7124.dir/build
Building C object CMakeFiles/cmTC_a7124.dir/CMakeCCompilerABI.c.o
/Library/Developer/CommandLineTools/usr/bin/cc   -arch arm64 -isysroot /Library/Developer/CommandLineTools/SDKs/MacOSX13.3.sdk -mmacosx-version-min=13.2   -v -Wl,-v -MD -MT CMakeFiles/cmTC_a7124.dir/CMakeCCompilerABI.c.o -MF CMakeFiles/cmTC_a7124.dir/CMakeCCompilerABI.c.o.d -o CMakeFiles/cmTC_a7124.dir/CMakeCCompilerABI.c.o -c /opt/homebrew/Cellar/cmake/3.25.3/share/cmake/Modules/CMakeCCompilerABI.c
Apple clang version 14.0.3 (clang-1403.0.22.12)
Target: arm64-apple-darwin22.3.0
Thread model: posix
InstalledDir: /Library/Developer/CommandLineTools/usr/bin
clang: warning: -Wl,-v: 'linker' input unused [-Wunused-command-line-argument]
 "/Library/Developer/CommandLineTools/usr/bin/clang" -cc1 -triple arm64-apple-macosx13.2.0 -Wundef-prefix=TARGET_OS_ -Wdeprecated-objc-isa-usage -Werror=deprecated-objc-isa-usage -Werror=implicit-function-declaration -emit-obj -mrelax-all --mrelax-relocations -disable-free -clear-ast-before-backend -disable-llvm-verifier -discard-value-names -main-file-name CMakeCCompilerABI.c -mrelocation-model pic -pic-level 2 -mframe-pointer=non-leaf -fno-strict-return -ffp-contract=on -fno-rounding-math -funwind-tables=1 -fobjc-msgsend-selector-stubs -target-sdk-version=13.3 -fvisibility-inlines-hidden-static-local-var -target-cpu apple-m1 -target-feature +v8.5a -target-feature +crc -target-feature +lse -target-feature +rdm -target-feature +crypto -target-feature +dotprod -target-feature +fp-armv8 -target-feature +neon -target-feature +fp16fml -target-feature +ras -target-feature +rcpc -target-feature +zcm -target-feature +zcz -target-feature +fullfp16 -target-feature +sm4 -target-feature +sha3 -target-feature +sha2 -target-feature +aes -target-abi darwinpcs -fallow-half-arguments-and-returns -mllvm -treat-scalable-fixed-error-as-warning -debugger-tuning=lldb -target-linker-version 857.1 -v -fcoverage-compilation-dir=/Users/martin/UIBK/jpeglib/jpeglib/cjpeglib/turbo300/cmakescripts/CMakeFiles/CMakeScratch/TryCompile-abWvqL -resource-dir /Library/Developer/CommandLineTools/usr/lib/clang/14.0.3 -dependency-file CMakeFiles/cmTC_a7124.dir/CMakeCCompilerABI.c.o.d -skip-unused-modulemap-deps -MT CMakeFiles/cmTC_a7124.dir/CMakeCCompilerABI.c.o -sys-header-deps -isysroot /Library/Developer/CommandLineTools/SDKs/MacOSX13.3.sdk -c-isystem /opt/homebrew/include -c-isystem . -internal-isystem /Library/Developer/CommandLineTools/SDKs/MacOSX13.3.sdk/usr/local/include -internal-isystem /Library/Developer/CommandLineTools/usr/lib/clang/14.0.3/include -internal-externc-isystem /Library/Developer/CommandLineTools/SDKs/MacOSX13.3.sdk/usr/include -internal-externc-isystem /Library/Developer/CommandLineTools/usr/include -Wno-reorder-init-list -Wno-implicit-int-float-conversion -Wno-c99-designator -Wno-final-dtor-non-final-class -Wno-extra-semi-stmt -Wno-misleading-indentation -Wno-quoted-include-in-framework-header -Wno-implicit-fallthrough -Wno-enum-enum-conversion -Wno-enum-float-conversion -Wno-elaborated-enum-base -Wno-reserved-identifier -Wno-gnu-folding-constant -fdebug-compilation-dir=/Users/martin/UIBK/jpeglib/jpeglib/cjpeglib/turbo300/cmakescripts/CMakeFiles/CMakeScratch/TryCompile-abWvqL -ferror-limit 19 -stack-protector 1 -fstack-check -mdarwin-stkchk-strong-link -fblocks -fencode-extended-block-signature -fregister-global-dtors-with-atexit -fgnuc-version=4.2.1 -no-opaque-pointers -fmax-type-align=16 -fcommon -clang-vendor-feature=+disableNonDependentMemberExprInCurrentInstantiation -fno-odr-hash-protocols -clang-vendor-feature=+enableAggressiveVLAFolding -clang-vendor-feature=+revert09abecef7bbf -clang-vendor-feature=+thisNoAlignAttr -clang-vendor-feature=+thisNoNullAttr -mllvm -disable-aligned-alloc-awareness=1 -D__GCC_HAVE_DWARF2_CFI_ASM=1 -o CMakeFiles/cmTC_a7124.dir/CMakeCCompilerABI.c.o -x c /opt/homebrew/Cellar/cmake/3.25.3/share/cmake/Modules/CMakeCCompilerABI.c
clang -cc1 version 14.0.3 (clang-1403.0.22.12) default target arm64-apple-darwin22.3.0
ignoring nonexistent directory "/Library/Developer/CommandLineTools/SDKs/MacOSX13.3.sdk/usr/local/include"
ignoring nonexistent directory "/Library/Developer/CommandLineTools/SDKs/MacOSX13.3.sdk/Library/Frameworks"
#include "..." search starts here:
#include <...> search starts here:
 /opt/homebrew/include
 .
 /Library/Developer/CommandLineTools/usr/lib/clang/14.0.3/include
 /Library/Developer/CommandLineTools/SDKs/MacOSX13.3.sdk/usr/include
 /Library/Developer/CommandLineTools/usr/include
 /Library/Developer/CommandLineTools/SDKs/MacOSX13.3.sdk/System/Library/Frameworks (framework directory)
End of search list.
Linking C executable cmTC_a7124
/opt/homebrew/Cellar/cmake/3.25.3/bin/cmake -E cmake_link_script CMakeFiles/cmTC_a7124.dir/link.txt --verbose=1
/Library/Developer/CommandLineTools/usr/bin/cc  -arch arm64 -isysroot /Library/Developer/CommandLineTools/SDKs/MacOSX13.3.sdk -mmacosx-version-min=13.2 -Wl,-search_paths_first -Wl,-headerpad_max_install_names  -v -Wl,-v CMakeFiles/cmTC_a7124.dir/CMakeCCompilerABI.c.o -o cmTC_a7124 
Apple clang version 14.0.3 (clang-1403.0.22.12)
Target: arm64-apple-darwin22.3.0
Thread model: posix
InstalledDir: /Library/Developer/CommandLineTools/usr/bin
 "/Library/Developer/CommandLineTools/usr/bin/ld" -demangle -lto_library /Library/Developer/CommandLineTools/usr/lib/libLTO.dylib -dynamic -arch arm64 -platform_version macos 13.2.0 13.3 -syslibroot /Library/Developer/CommandLineTools/SDKs/MacOSX13.3.sdk -o cmTC_a7124 -search_paths_first -headerpad_max_install_names -v CMakeFiles/cmTC_a7124.dir/CMakeCCompilerABI.c.o -lSystem /Library/Developer/CommandLineTools/usr/lib/clang/14.0.3/lib/darwin/libclang_rt.osx.a
@(#)PROGRAM:ld  PROJECT:ld64-857.1
BUILD 07:52:32 Feb 20 2023
configured to support archs: armv6 armv7 armv7s arm64 arm64e arm64_32 i386 x86_64 x86_64h armv6m armv7k armv7m armv7em
Library search paths:
	/Library/Developer/CommandLineTools/SDKs/MacOSX13.3.sdk/usr/lib
Framework search paths:
	/Library/Developer/CommandLineTools/SDKs/MacOSX13.3.sdk/System/Library/Frameworks/



Parsed C implicit include dir info from above output: rv=done
  found start of include info
  found start of implicit include info
    add: [/opt/homebrew/include]
    add: [.]
    add: [/Library/Developer/CommandLineTools/usr/lib/clang/14.0.3/include]
    add: [/Library/Developer/CommandLineTools/SDKs/MacOSX13.3.sdk/usr/include]
    add: [/Library/Developer/CommandLineTools/usr/include]
  end of search list found
  collapse include dir [/opt/homebrew/include] ==> [/opt/homebrew/include]
  skipping relative include dir [.]
  collapse include dir [/Library/Developer/CommandLineTools/usr/lib/clang/14.0.3/include] ==> [/Library/Developer/CommandLineTools/usr/lib/clang/14.0.3/include]
  collapse include dir [/Library/Developer/CommandLineTools/SDKs/MacOSX13.3.sdk/usr/include] ==> [/Library/Developer/CommandLineTools/SDKs/MacOSX13.3.sdk/usr/include]
  collapse include dir [/Library/Developer/CommandLineTools/usr/include] ==> [/Library/Developer/CommandLineTools/usr/include]
  implicit include dirs: [/opt/homebrew/include;/Library/Developer/CommandLineTools/usr/lib/clang/14.0.3/include;/Library/Developer/CommandLineTools/SDKs/MacOSX13.3.sdk/usr/include;/Library/Developer/CommandLineTools/usr/include]


Parsed C implicit link information from above output:
  link line regex: [^( *|.*[/\])(ld|CMAKE_LINK_STARTFILE-NOTFOUND|([^/\]+-)?ld|collect2)[^/\]*( |$)]
  ignore line: [Change Dir: /Users/martin/UIBK/jpeglib/jpeglib/cjpeglib/turbo300/cmakescripts/CMakeFiles/CMakeScratch/TryCompile-abWvqL]
  ignore line: []
  ignore line: [Run Build Command(s):/usr/bin/make -f Makefile cmTC_a7124/fast && /Library/Developer/CommandLineTools/usr/bin/make  -f CMakeFiles/cmTC_a7124.dir/build.make CMakeFiles/cmTC_a7124.dir/build]
  ignore line: [Building C object CMakeFiles/cmTC_a7124.dir/CMakeCCompilerABI.c.o]
  ignore line: [/Library/Developer/CommandLineTools/usr/bin/cc   -arch arm64 -isysroot /Library/Developer/CommandLineTools/SDKs/MacOSX13.3.sdk -mmacosx-version-min=13.2   -v -Wl -v -MD -MT CMakeFiles/cmTC_a7124.dir/CMakeCCompilerABI.c.o -MF CMakeFiles/cmTC_a7124.dir/CMakeCCompilerABI.c.o.d -o CMakeFiles/cmTC_a7124.dir/CMakeCCompilerABI.c.o -c /opt/homebrew/Cellar/cmake/3.25.3/share/cmake/Modules/CMakeCCompilerABI.c]
  ignore line: [Apple clang version 14.0.3 (clang-1403.0.22.12)]
  ignore line: [Target: arm64-apple-darwin22.3.0]
  ignore line: [Thread model: posix]
  ignore line: [InstalledDir: /Library/Developer/CommandLineTools/usr/bin]
  ignore line: [clang: warning: -Wl -v: 'linker' input unused [-Wunused-command-line-argument]]
  ignore line: [ "/Library/Developer/CommandLineTools/usr/bin/clang" -cc1 -triple arm64-apple-macosx13.2.0 -Wundef-prefix=TARGET_OS_ -Wdeprecated-objc-isa-usage -Werror=deprecated-objc-isa-usage -Werror=implicit-function-declaration -emit-obj -mrelax-all --mrelax-relocations -disable-free -clear-ast-before-backend -disable-llvm-verifier -discard-value-names -main-file-name CMakeCCompilerABI.c -mrelocation-model pic -pic-level 2 -mframe-pointer=non-leaf -fno-strict-return -ffp-contract=on -fno-rounding-math -funwind-tables=1 -fobjc-msgsend-selector-stubs -target-sdk-version=13.3 -fvisibility-inlines-hidden-static-local-var -target-cpu apple-m1 -target-feature +v8.5a -target-feature +crc -target-feature +lse -target-feature +rdm -target-feature +crypto -target-feature +dotprod -target-feature +fp-armv8 -target-feature +neon -target-feature +fp16fml -target-feature +ras -target-feature +rcpc -target-feature +zcm -target-feature +zcz -target-feature +fullfp16 -target-feature +sm4 -target-feature +sha3 -target-feature +sha2 -target-feature +aes -target-abi darwinpcs -fallow-half-arguments-and-returns -mllvm -treat-scalable-fixed-error-as-warning -debugger-tuning=lldb -target-linker-version 857.1 -v -fcoverage-compilation-dir=/Users/martin/UIBK/jpeglib/jpeglib/cjpeglib/turbo300/cmakescripts/CMakeFiles/CMakeScratch/TryCompile-abWvqL -resource-dir /Library/Developer/CommandLineTools/usr/lib/clang/14.0.3 -dependency-file CMakeFiles/cmTC_a7124.dir/CMakeCCompilerABI.c.o.d -skip-unused-modulemap-deps -MT CMakeFiles/cmTC_a7124.dir/CMakeCCompilerABI.c.o -sys-header-deps -isysroot /Library/Developer/CommandLineTools/SDKs/MacOSX13.3.sdk -c-isystem /opt/homebrew/include -c-isystem . -internal-isystem /Library/Developer/CommandLineTools/SDKs/MacOSX13.3.sdk/usr/local/include -internal-isystem /Library/Developer/CommandLineTools/usr/lib/clang/14.0.3/include -internal-externc-isystem /Library/Developer/CommandLineTools/SDKs/MacOSX13.3.sdk/usr/include -internal-externc-isystem /Library/Developer/CommandLineTools/usr/include -Wno-reorder-init-list -Wno-implicit-int-float-conversion -Wno-c99-designator -Wno-final-dtor-non-final-class -Wno-extra-semi-stmt -Wno-misleading-indentation -Wno-quoted-include-in-framework-header -Wno-implicit-fallthrough -Wno-enum-enum-conversion -Wno-enum-float-conversion -Wno-elaborated-enum-base -Wno-reserved-identifier -Wno-gnu-folding-constant -fdebug-compilation-dir=/Users/martin/UIBK/jpeglib/jpeglib/cjpeglib/turbo300/cmakescripts/CMakeFiles/CMakeScratch/TryCompile-abWvqL -ferror-limit 19 -stack-protector 1 -fstack-check -mdarwin-stkchk-strong-link -fblocks -fencode-extended-block-signature -fregister-global-dtors-with-atexit -fgnuc-version=4.2.1 -no-opaque-pointers -fmax-type-align=16 -fcommon -clang-vendor-feature=+disableNonDependentMemberExprInCurrentInstantiation -fno-odr-hash-protocols -clang-vendor-feature=+enableAggressiveVLAFolding -clang-vendor-feature=+revert09abecef7bbf -clang-vendor-feature=+thisNoAlignAttr -clang-vendor-feature=+thisNoNullAttr -mllvm -disable-aligned-alloc-awareness=1 -D__GCC_HAVE_DWARF2_CFI_ASM=1 -o CMakeFiles/cmTC_a7124.dir/CMakeCCompilerABI.c.o -x c /opt/homebrew/Cellar/cmake/3.25.3/share/cmake/Modules/CMakeCCompilerABI.c]
  ignore line: [clang -cc1 version 14.0.3 (clang-1403.0.22.12) default target arm64-apple-darwin22.3.0]
  ignore line: [ignoring nonexistent directory "/Library/Developer/CommandLineTools/SDKs/MacOSX13.3.sdk/usr/local/include"]
  ignore line: [ignoring nonexistent directory "/Library/Developer/CommandLineTools/SDKs/MacOSX13.3.sdk/Library/Frameworks"]
  ignore line: [#include "..." search starts here:]
  ignore line: [#include <...> search starts here:]
  ignore line: [ /opt/homebrew/include]
  ignore line: [ .]
  ignore line: [ /Library/Developer/CommandLineTools/usr/lib/clang/14.0.3/include]
  ignore line: [ /Library/Developer/CommandLineTools/SDKs/MacOSX13.3.sdk/usr/include]
  ignore line: [ /Library/Developer/CommandLineTools/usr/include]
  ignore line: [ /Library/Developer/CommandLineTools/SDKs/MacOSX13.3.sdk/System/Library/Frameworks (framework directory)]
  ignore line: [End of search list.]
  ignore line: [Linking C executable cmTC_a7124]
  ignore line: [/opt/homebrew/Cellar/cmake/3.25.3/bin/cmake -E cmake_link_script CMakeFiles/cmTC_a7124.dir/link.txt --verbose=1]
  ignore line: [/Library/Developer/CommandLineTools/usr/bin/cc  -arch arm64 -isysroot /Library/Developer/CommandLineTools/SDKs/MacOSX13.3.sdk -mmacosx-version-min=13.2 -Wl -search_paths_first -Wl -headerpad_max_install_names  -v -Wl -v CMakeFiles/cmTC_a7124.dir/CMakeCCompilerABI.c.o -o cmTC_a7124 ]
  ignore line: [Apple clang version 14.0.3 (clang-1403.0.22.12)]
  ignore line: [Target: arm64-apple-darwin22.3.0]
  ignore line: [Thread model: posix]
  ignore line: [InstalledDir: /Library/Developer/CommandLineTools/usr/bin]
  link line: [ "/Library/Developer/CommandLineTools/usr/bin/ld" -demangle -lto_library /Library/Developer/CommandLineTools/usr/lib/libLTO.dylib -dynamic -arch arm64 -platform_version macos 13.2.0 13.3 -syslibroot /Library/Developer/CommandLineTools/SDKs/MacOSX13.3.sdk -o cmTC_a7124 -search_paths_first -headerpad_max_install_names -v CMakeFiles/cmTC_a7124.dir/CMakeCCompilerABI.c.o -lSystem /Library/Developer/CommandLineTools/usr/lib/clang/14.0.3/lib/darwin/libclang_rt.osx.a]
    arg [/Library/Developer/CommandLineTools/usr/bin/ld] ==> ignore
    arg [-demangle] ==> ignore
    arg [-lto_library] ==> ignore, skip following value
    arg [/Library/Developer/CommandLineTools/usr/lib/libLTO.dylib] ==> skip value of -lto_library
    arg [-dynamic] ==> ignore
    arg [-arch] ==> ignore
    arg [arm64] ==> ignore
    arg [-platform_version] ==> ignore
    arg [macos] ==> ignore
    arg [13.2.0] ==> ignore
    arg [13.3] ==> ignore
    arg [-syslibroot] ==> ignore
    arg [/Library/Developer/CommandLineTools/SDKs/MacOSX13.3.sdk] ==> ignore
    arg [-o] ==> ignore
    arg [cmTC_a7124] ==> ignore
    arg [-search_paths_first] ==> ignore
    arg [-headerpad_max_install_names] ==> ignore
    arg [-v] ==> ignore
    arg [CMakeFiles/cmTC_a7124.dir/CMakeCCompilerABI.c.o] ==> ignore
    arg [-lSystem] ==> lib [System]
    arg [/Library/Developer/CommandLineTools/usr/lib/clang/14.0.3/lib/darwin/libclang_rt.osx.a] ==> lib [/Library/Developer/CommandLineTools/usr/lib/clang/14.0.3/lib/darwin/libclang_rt.osx.a]
  Library search paths: [;/Library/Developer/CommandLineTools/SDKs/MacOSX13.3.sdk/usr/lib]
  Framework search paths: [;/Library/Developer/CommandLineTools/SDKs/MacOSX13.3.sdk/System/Library/Frameworks/]
  remove lib [System]
  remove lib [/Library/Developer/CommandLineTools/usr/lib/clang/14.0.3/lib/darwin/libclang_rt.osx.a]
  collapse library dir [/Library/Developer/CommandLineTools/SDKs/MacOSX13.3.sdk/usr/lib] ==> [/Library/Developer/CommandLineTools/SDKs/MacOSX13.3.sdk/usr/lib]
  collapse framework dir [/Library/Developer/CommandLineTools/SDKs/MacOSX13.3.sdk/System/Library/Frameworks/] ==> [/Library/Developer/CommandLineTools/SDKs/MacOSX13.3.sdk/System/Library/Frameworks]
  implicit libs: []
  implicit objs: []
  implicit dirs: [/Library/Developer/CommandLineTools/SDKs/MacOSX13.3.sdk/usr/lib]
  implicit fwks: [/Library/Developer/CommandLineTools/SDKs/MacOSX13.3.sdk/System/Library/Frameworks]


Determining if the include file sys/types.h exists passed with the following output:
Change Dir: /Users/martin/UIBK/jpeglib/jpeglib/cjpeglib/turbo300/cmakescripts/CMakeFiles/CMakeScratch/TryCompile-PcDRzR

Run Build Command(s):/usr/bin/make -f Makefile cmTC_3a631/fast && /Library/Developer/CommandLineTools/usr/bin/make  -f CMakeFiles/cmTC_3a631.dir/build.make CMakeFiles/cmTC_3a631.dir/build
Building C object CMakeFiles/cmTC_3a631.dir/CheckIncludeFile.c.o
/Library/Developer/CommandLineTools/usr/bin/cc   -arch arm64 -isysroot /Library/Developer/CommandLineTools/SDKs/MacOSX13.3.sdk -mmacosx-version-min=13.2 -MD -MT CMakeFiles/cmTC_3a631.dir/CheckIncludeFile.c.o -MF CMakeFiles/cmTC_3a631.dir/CheckIncludeFile.c.o.d -o CMakeFiles/cmTC_3a631.dir/CheckIncludeFile.c.o -c /Users/martin/UIBK/jpeglib/jpeglib/cjpeglib/turbo300/cmakescripts/CMakeFiles/CMakeScratch/TryCompile-PcDRzR/CheckIncludeFile.c
Linking C executable cmTC_3a631
/opt/homebrew/Cellar/cmake/3.25.3/bin/cmake -E cmake_link_script CMakeFiles/cmTC_3a631.dir/link.txt --verbose=1
/Library/Developer/CommandLineTools/usr/bin/cc  -arch arm64 -isysroot /Library/Developer/CommandLineTools/SDKs/MacOSX13.3.sdk -mmacosx-version-min=13.2 -Wl,-search_paths_first -Wl,-headerpad_max_install_names CMakeFiles/cmTC_3a631.dir/CheckIncludeFile.c.o -o cmTC_3a631 



Determining if the include file stdint.h exists passed with the following output:
Change Dir: /Users/martin/UIBK/jpeglib/jpeglib/cjpeglib/turbo300/cmakescripts/CMakeFiles/CMakeScratch/TryCompile-ksDuBr

Run Build Command(s):/usr/bin/make -f Makefile cmTC_72a85/fast && /Library/Developer/CommandLineTools/usr/bin/make  -f CMakeFiles/cmTC_72a85.dir/build.make CMakeFiles/cmTC_72a85.dir/build
Building C object CMakeFiles/cmTC_72a85.dir/CheckIncludeFile.c.o
/Library/Developer/CommandLineTools/usr/bin/cc   -arch arm64 -isysroot /Library/Developer/CommandLineTools/SDKs/MacOSX13.3.sdk -mmacosx-version-min=13.2 -MD -MT CMakeFiles/cmTC_72a85.dir/CheckIncludeFile.c.o -MF CMakeFiles/cmTC_72a85.dir/CheckIncludeFile.c.o.d -o CMakeFiles/cmTC_72a85.dir/CheckIncludeFile.c.o -c /Users/martin/UIBK/jpeglib/jpeglib/cjpeglib/turbo300/cmakescripts/CMakeFiles/CMakeScratch/TryCompile-ksDuBr/CheckIncludeFile.c
Linking C executable cmTC_72a85
/opt/homebrew/Cellar/cmake/3.25.3/bin/cmake -E cmake_link_script CMakeFiles/cmTC_72a85.dir/link.txt --verbose=1
/Library/Developer/CommandLineTools/usr/bin/cc  -arch arm64 -isysroot /Library/Developer/CommandLineTools/SDKs/MacOSX13.3.sdk -mmacosx-version-min=13.2 -Wl,-search_paths_first -Wl,-headerpad_max_install_names CMakeFiles/cmTC_72a85.dir/CheckIncludeFile.c.o -o cmTC_72a85 



Determining if the include file stddef.h exists passed with the following output:
Change Dir: /Users/martin/UIBK/jpeglib/jpeglib/cjpeglib/turbo300/cmakescripts/CMakeFiles/CMakeScratch/TryCompile-bxcBFR

Run Build Command(s):/usr/bin/make -f Makefile cmTC_54fff/fast && /Library/Developer/CommandLineTools/usr/bin/make  -f CMakeFiles/cmTC_54fff.dir/build.make CMakeFiles/cmTC_54fff.dir/build
Building C object CMakeFiles/cmTC_54fff.dir/CheckIncludeFile.c.o
/Library/Developer/CommandLineTools/usr/bin/cc   -arch arm64 -isysroot /Library/Developer/CommandLineTools/SDKs/MacOSX13.3.sdk -mmacosx-version-min=13.2 -MD -MT CMakeFiles/cmTC_54fff.dir/CheckIncludeFile.c.o -MF CMakeFiles/cmTC_54fff.dir/CheckIncludeFile.c.o.d -o CMakeFiles/cmTC_54fff.dir/CheckIncludeFile.c.o -c /Users/martin/UIBK/jpeglib/jpeglib/cjpeglib/turbo300/cmakescripts/CMakeFiles/CMakeScratch/TryCompile-bxcBFR/CheckIncludeFile.c
Linking C executable cmTC_54fff
/opt/homebrew/Cellar/cmake/3.25.3/bin/cmake -E cmake_link_script CMakeFiles/cmTC_54fff.dir/link.txt --verbose=1
/Library/Developer/CommandLineTools/usr/bin/cc  -arch arm64 -isysroot /Library/Developer/CommandLineTools/SDKs/MacOSX13.3.sdk -mmacosx-version-min=13.2 -Wl,-search_paths_first -Wl,-headerpad_max_install_names CMakeFiles/cmTC_54fff.dir/CheckIncludeFile.c.o -o cmTC_54fff 



Determining size of size_t passed with the following output:
Change Dir: /Users/martin/UIBK/jpeglib/jpeglib/cjpeglib/turbo300/cmakescripts/CMakeFiles/CMakeScratch/TryCompile-SxuWHf

Run Build Command(s):/usr/bin/make -f Makefile cmTC_1fd0a/fast && /Library/Developer/CommandLineTools/usr/bin/make  -f CMakeFiles/cmTC_1fd0a.dir/build.make CMakeFiles/cmTC_1fd0a.dir/build
Building C object CMakeFiles/cmTC_1fd0a.dir/SIZE_T.c.o
/Library/Developer/CommandLineTools/usr/bin/cc   -arch arm64 -isysroot /Library/Developer/CommandLineTools/SDKs/MacOSX13.3.sdk -mmacosx-version-min=13.2 -MD -MT CMakeFiles/cmTC_1fd0a.dir/SIZE_T.c.o -MF CMakeFiles/cmTC_1fd0a.dir/SIZE_T.c.o.d -o CMakeFiles/cmTC_1fd0a.dir/SIZE_T.c.o -c /Users/martin/UIBK/jpeglib/jpeglib/cjpeglib/turbo300/cmakescripts/CMakeFiles/CMakeScratch/TryCompile-SxuWHf/SIZE_T.c
Linking C executable cmTC_1fd0a
/opt/homebrew/Cellar/cmake/3.25.3/bin/cmake -E cmake_link_script CMakeFiles/cmTC_1fd0a.dir/link.txt --verbose=1
/Library/Developer/CommandLineTools/usr/bin/cc  -arch arm64 -isysroot /Library/Developer/CommandLineTools/SDKs/MacOSX13.3.sdk -mmacosx-version-min=13.2 -Wl,-search_paths_first -Wl,-headerpad_max_install_names CMakeFiles/cmTC_1fd0a.dir/SIZE_T.c.o -o cmTC_1fd0a 



Determining size of unsigned long passed with the following output:
Change Dir: /Users/martin/UIBK/jpeglib/jpeglib/cjpeglib/turbo300/cmakescripts/CMakeFiles/CMakeScratch/TryCompile-9jPCK3

Run Build Command(s):/usr/bin/make -f Makefile cmTC_1e2eb/fast && /Library/Developer/CommandLineTools/usr/bin/make  -f CMakeFiles/cmTC_1e2eb.dir/build.make CMakeFiles/cmTC_1e2eb.dir/build
Building C object CMakeFiles/cmTC_1e2eb.dir/UNSIGNED_LONG.c.o
/Library/Developer/CommandLineTools/usr/bin/cc   -arch arm64 -isysroot /Library/Developer/CommandLineTools/SDKs/MacOSX13.3.sdk -mmacosx-version-min=13.2 -MD -MT CMakeFiles/cmTC_1e2eb.dir/UNSIGNED_LONG.c.o -MF CMakeFiles/cmTC_1e2eb.dir/UNSIGNED_LONG.c.o.d -o CMakeFiles/cmTC_1e2eb.dir/UNSIGNED_LONG.c.o -c /Users/martin/UIBK/jpeglib/jpeglib/cjpeglib/turbo300/cmakescripts/CMakeFiles/CMakeScratch/TryCompile-9jPCK3/UNSIGNED_LONG.c
Linking C executable cmTC_1e2eb
/opt/homebrew/Cellar/cmake/3.25.3/bin/cmake -E cmake_link_script CMakeFiles/cmTC_1e2eb.dir/link.txt --verbose=1
/Library/Developer/CommandLineTools/usr/bin/cc  -arch arm64 -isysroot /Library/Developer/CommandLineTools/SDKs/MacOSX13.3.sdk -mmacosx-version-min=13.2 -Wl,-search_paths_first -Wl,-headerpad_max_install_names CMakeFiles/cmTC_1e2eb.dir/UNSIGNED_LONG.c.o -o cmTC_1e2eb 



Performing C SOURCE FILE Test HAVE_BUILTIN_CTZL succeeded with the following output:
Change Dir: /Users/martin/UIBK/jpeglib/jpeglib/cjpeglib/turbo300/cmakescripts/CMakeFiles/CMakeScratch/TryCompile-AfXGRw

Run Build Command(s):/usr/bin/make -f Makefile cmTC_e7bc6/fast && /Library/Developer/CommandLineTools/usr/bin/make  -f CMakeFiles/cmTC_e7bc6.dir/build.make CMakeFiles/cmTC_e7bc6.dir/build
Building C object CMakeFiles/cmTC_e7bc6.dir/src.c.o
/Library/Developer/CommandLineTools/usr/bin/cc -DHAVE_BUILTIN_CTZL  -arch arm64 -isysroot /Library/Developer/CommandLineTools/SDKs/MacOSX13.3.sdk -mmacosx-version-min=13.2 -MD -MT CMakeFiles/cmTC_e7bc6.dir/src.c.o -MF CMakeFiles/cmTC_e7bc6.dir/src.c.o.d -o CMakeFiles/cmTC_e7bc6.dir/src.c.o -c /Users/martin/UIBK/jpeglib/jpeglib/cjpeglib/turbo300/cmakescripts/CMakeFiles/CMakeScratch/TryCompile-AfXGRw/src.c
Linking C executable cmTC_e7bc6
/opt/homebrew/Cellar/cmake/3.25.3/bin/cmake -E cmake_link_script CMakeFiles/cmTC_e7bc6.dir/link.txt --verbose=1
/Library/Developer/CommandLineTools/usr/bin/cc  -arch arm64 -isysroot /Library/Developer/CommandLineTools/SDKs/MacOSX13.3.sdk -mmacosx-version-min=13.2 -Wl,-search_paths_first -Wl,-headerpad_max_install_names CMakeFiles/cmTC_e7bc6.dir/src.c.o -o cmTC_e7bc6 


Source file was:
int main(int argc, char **argv) { unsigned long a = argc;  return __builtin_ctzl(a); }

Performing C SOURCE FILE Test INLINE_WORKS succeeded with the following output:
Change Dir: /Users/martin/UIBK/jpeglib/jpeglib/cjpeglib/turbo300/cmakescripts/CMakeFiles/CMakeScratch/TryCompile-UaGSTJ

Run Build Command(s):/usr/bin/make -f Makefile cmTC_e537f/fast && /Library/Developer/CommandLineTools/usr/bin/make  -f CMakeFiles/cmTC_e537f.dir/build.make CMakeFiles/cmTC_e537f.dir/build
Building C object CMakeFiles/cmTC_e537f.dir/src.c.o
/Library/Developer/CommandLineTools/usr/bin/cc -DINLINE_WORKS  -arch arm64 -isysroot /Library/Developer/CommandLineTools/SDKs/MacOSX13.3.sdk -mmacosx-version-min=13.2 -MD -MT CMakeFiles/cmTC_e537f.dir/src.c.o -MF CMakeFiles/cmTC_e537f.dir/src.c.o.d -o CMakeFiles/cmTC_e537f.dir/src.c.o -c /Users/martin/UIBK/jpeglib/jpeglib/cjpeglib/turbo300/cmakescripts/CMakeFiles/CMakeScratch/TryCompile-UaGSTJ/src.c
Linking C executable cmTC_e537f
/opt/homebrew/Cellar/cmake/3.25.3/bin/cmake -E cmake_link_script CMakeFiles/cmTC_e537f.dir/link.txt --verbose=1
/Library/Developer/CommandLineTools/usr/bin/cc  -arch arm64 -isysroot /Library/Developer/CommandLineTools/SDKs/MacOSX13.3.sdk -mmacosx-version-min=13.2 -Wl,-search_paths_first -Wl,-headerpad_max_install_names CMakeFiles/cmTC_e537f.dir/src.c.o -o cmTC_e537f 


Source file was:
__inline__ __attribute__((always_inline)) static int foo(void) { return 0; } int main(void) { return foo(); }

Performing C SOURCE FILE Test HAVE_THREAD_LOCAL succeeded with the following output:
Change Dir: /Users/martin/UIBK/jpeglib/jpeglib/cjpeglib/turbo300/cmakescripts/CMakeFiles/CMakeScratch/TryCompile-p67Au9

Run Build Command(s):/usr/bin/make -f Makefile cmTC_8773f/fast && /Library/Developer/CommandLineTools/usr/bin/make  -f CMakeFiles/cmTC_8773f.dir/build.make CMakeFiles/cmTC_8773f.dir/build
Building C object CMakeFiles/cmTC_8773f.dir/src.c.o
/Library/Developer/CommandLineTools/usr/bin/cc -DHAVE_THREAD_LOCAL  -arch arm64 -isysroot /Library/Developer/CommandLineTools/SDKs/MacOSX13.3.sdk -mmacosx-version-min=13.2 -MD -MT CMakeFiles/cmTC_8773f.dir/src.c.o -MF CMakeFiles/cmTC_8773f.dir/src.c.o.d -o CMakeFiles/cmTC_8773f.dir/src.c.o -c /Users/martin/UIBK/jpeglib/jpeglib/cjpeglib/turbo300/cmakescripts/CMakeFiles/CMakeScratch/TryCompile-p67Au9/src.c
Linking C executable cmTC_8773f
/opt/homebrew/Cellar/cmake/3.25.3/bin/cmake -E cmake_link_script CMakeFiles/cmTC_8773f.dir/link.txt --verbose=1
/Library/Developer/CommandLineTools/usr/bin/cc  -arch arm64 -isysroot /Library/Developer/CommandLineTools/SDKs/MacOSX13.3.sdk -mmacosx-version-min=13.2 -Wl,-search_paths_first -Wl,-headerpad_max_install_names CMakeFiles/cmTC_8773f.dir/src.c.o -o cmTC_8773f 


Source file was:
__thread int i;  int main(void) { i = 0;  return i; }

Performing C SOURCE FILE Test HAVE_VLD1_S16_X3 succeeded with the following output:
Change Dir: /Users/martin/UIBK/jpeglib/jpeglib/cjpeglib/turbo300/cmakescripts/CMakeFiles/CMakeScratch/TryCompile-60bocu

Run Build Command(s):/usr/bin/make -f Makefile cmTC_859f5/fast && /Library/Developer/CommandLineTools/usr/bin/make  -f CMakeFiles/cmTC_859f5.dir/build.make CMakeFiles/cmTC_859f5.dir/build
Building C object CMakeFiles/cmTC_859f5.dir/src.c.o
/Library/Developer/CommandLineTools/usr/bin/cc -DHAVE_VLD1_S16_X3  -arch arm64 -isysroot /Library/Developer/CommandLineTools/SDKs/MacOSX13.3.sdk -mmacosx-version-min=13.2 -MD -MT CMakeFiles/cmTC_859f5.dir/src.c.o -MF CMakeFiles/cmTC_859f5.dir/src.c.o.d -o CMakeFiles/cmTC_859f5.dir/src.c.o -c /Users/martin/UIBK/jpeglib/jpeglib/cjpeglib/turbo300/cmakescripts/CMakeFiles/CMakeScratch/TryCompile-60bocu/src.c
Linking C executable cmTC_859f5
/opt/homebrew/Cellar/cmake/3.25.3/bin/cmake -E cmake_link_script CMakeFiles/cmTC_859f5.dir/link.txt --verbose=1
/Library/Developer/CommandLineTools/usr/bin/cc  -arch arm64 -isysroot /Library/Developer/CommandLineTools/SDKs/MacOSX13.3.sdk -mmacosx-version-min=13.2 -Wl,-search_paths_first -Wl,-headerpad_max_install_names CMakeFiles/cmTC_859f5.dir/src.c.o -o cmTC_859f5 


Source file was:

  #include <arm_neon.h>
  int main(int argc, char **argv) {
    int16_t input[] = {
      (int16_t)argc, (int16_t)argc, (int16_t)argc, (int16_t)argc,
      (int16_t)argc, (int16_t)argc, (int16_t)argc, (int16_t)argc,
      (int16_t)argc, (int16_t)argc, (int16_t)argc, (int16_t)argc
    };
    int16x4x3_t output = vld1_s16_x3(input);
    vst3_s16(input, output);
    return (int)input[0];
  }

Performing C SOURCE FILE Test HAVE_VLD1_U16_X2 succeeded with the following output:
Change Dir: /Users/martin/UIBK/jpeglib/jpeglib/cjpeglib/turbo300/cmakescripts/CMakeFiles/CMakeScratch/TryCompile-FkftXc

Run Build Command(s):/usr/bin/make -f Makefile cmTC_2c56f/fast && /Library/Developer/CommandLineTools/usr/bin/make  -f CMakeFiles/cmTC_2c56f.dir/build.make CMakeFiles/cmTC_2c56f.dir/build
Building C object CMakeFiles/cmTC_2c56f.dir/src.c.o
/Library/Developer/CommandLineTools/usr/bin/cc -DHAVE_VLD1_U16_X2  -arch arm64 -isysroot /Library/Developer/CommandLineTools/SDKs/MacOSX13.3.sdk -mmacosx-version-min=13.2 -MD -MT CMakeFiles/cmTC_2c56f.dir/src.c.o -MF CMakeFiles/cmTC_2c56f.dir/src.c.o.d -o CMakeFiles/cmTC_2c56f.dir/src.c.o -c /Users/martin/UIBK/jpeglib/jpeglib/cjpeglib/turbo300/cmakescripts/CMakeFiles/CMakeScratch/TryCompile-FkftXc/src.c
Linking C executable cmTC_2c56f
/opt/homebrew/Cellar/cmake/3.25.3/bin/cmake -E cmake_link_script CMakeFiles/cmTC_2c56f.dir/link.txt --verbose=1
/Library/Developer/CommandLineTools/usr/bin/cc  -arch arm64 -isysroot /Library/Developer/CommandLineTools/SDKs/MacOSX13.3.sdk -mmacosx-version-min=13.2 -Wl,-search_paths_first -Wl,-headerpad_max_install_names CMakeFiles/cmTC_2c56f.dir/src.c.o -o cmTC_2c56f 


Source file was:

  #include <arm_neon.h>
  int main(int argc, char **argv) {
    uint16_t input[] = {
      (uint16_t)argc, (uint16_t)argc, (uint16_t)argc, (uint16_t)argc,
      (uint16_t)argc, (uint16_t)argc, (uint16_t)argc, (uint16_t)argc
    };
    uint16x4x2_t output = vld1_u16_x2(input);
    vst2_u16(input, output);
    return (int)input[0];
  }

Performing C SOURCE FILE Test HAVE_VLD1Q_U8_X4 succeeded with the following output:
Change Dir: /Users/martin/UIBK/jpeglib/jpeglib/cjpeglib/turbo300/cmakescripts/CMakeFiles/CMakeScratch/TryCompile-H0ccBh

Run Build Command(s):/usr/bin/make -f Makefile cmTC_60c9f/fast && /Library/Developer/CommandLineTools/usr/bin/make  -f CMakeFiles/cmTC_60c9f.dir/build.make CMakeFiles/cmTC_60c9f.dir/build
Building C object CMakeFiles/cmTC_60c9f.dir/src.c.o
/Library/Developer/CommandLineTools/usr/bin/cc -DHAVE_VLD1Q_U8_X4  -arch arm64 -isysroot /Library/Developer/CommandLineTools/SDKs/MacOSX13.3.sdk -mmacosx-version-min=13.2 -MD -MT CMakeFiles/cmTC_60c9f.dir/src.c.o -MF CMakeFiles/cmTC_60c9f.dir/src.c.o.d -o CMakeFiles/cmTC_60c9f.dir/src.c.o -c /Users/martin/UIBK/jpeglib/jpeglib/cjpeglib/turbo300/cmakescripts/CMakeFiles/CMakeScratch/TryCompile-H0ccBh/src.c
Linking C executable cmTC_60c9f
/opt/homebrew/Cellar/cmake/3.25.3/bin/cmake -E cmake_link_script CMakeFiles/cmTC_60c9f.dir/link.txt --verbose=1
/Library/Developer/CommandLineTools/usr/bin/cc  -arch arm64 -isysroot /Library/Developer/CommandLineTools/SDKs/MacOSX13.3.sdk -mmacosx-version-min=13.2 -Wl,-search_paths_first -Wl,-headerpad_max_install_names CMakeFiles/cmTC_60c9f.dir/src.c.o -o cmTC_60c9f 


Source file was:

  #include <arm_neon.h>
  int main(int argc, char **argv) {
    uint8_t input[] = {
      (uint8_t)argc, (uint8_t)argc, (uint8_t)argc, (uint8_t)argc,
      (uint8_t)argc, (uint8_t)argc, (uint8_t)argc, (uint8_t)argc,
      (uint8_t)argc, (uint8_t)argc, (uint8_t)argc, (uint8_t)argc,
      (uint8_t)argc, (uint8_t)argc, (uint8_t)argc, (uint8_t)argc,
      (uint8_t)argc, (uint8_t)argc, (uint8_t)argc, (uint8_t)argc,
      (uint8_t)argc, (uint8_t)argc, (uint8_t)argc, (uint8_t)argc,
      (uint8_t)argc, (uint8_t)argc, (uint8_t)argc, (uint8_t)argc,
      (uint8_t)argc, (uint8_t)argc, (uint8_t)argc, (uint8_t)argc,
      (uint8_t)argc, (uint8_t)argc, (uint8_t)argc, (uint8_t)argc,
      (uint8_t)argc, (uint8_t)argc, (uint8_t)argc, (uint8_t)argc,
      (uint8_t)argc, (uint8_t)argc, (uint8_t)argc, (uint8_t)argc,
      (uint8_t)argc, (uint8_t)argc, (uint8_t)argc, (uint8_t)argc,
      (uint8_t)argc, (uint8_t)argc, (uint8_t)argc, (uint8_t)argc,
      (uint8_t)argc, (uint8_t)argc, (uint8_t)argc, (uint8_t)argc,
      (uint8_t)argc, (uint8_t)argc, (uint8_t)argc, (uint8_t)argc,
      (uint8_t)argc, (uint8_t)argc, (uint8_t)argc, (uint8_t)argc
    };
    uint8x16x4_t output = vld1q_u8_x4(input);
    vst4q_u8(input, output);
    return (int)input[0];
  }

